2023-10-16 19:05:15,787 [INFO] Activator:178 - 


2023-10-16 19:05:15,789 [INFO] Activator:179 - !SESSION log4j initialized
2023-10-16 19:05:18,463 [INFO] ApplicationProperties:181 - Using Application install path: D:\work\Apps\STM32IDE\STM32CubeIDE_1.4.0\STM32CubeIDE\plugins\com.st.stm32cube.common.mx_6.0.0.202007160824
2023-10-16 19:05:18,471 [INFO] DbMcusXml:70 - Set database path to: D:\work\Apps\STM32IDE\STM32CubeIDE_1.4.0\STM32CubeIDE\plugins\com.st.stm32cube.common.mx_6.0.0.202007160824\\db\/mcu/
2023-10-16 19:05:18,473 [INFO] DbBoardsPdsc:56 - Set plugin database path to: D:\work\Apps\STM32IDE\STM32CubeIDE_1.4.0\STM32CubeIDE\plugins\com.st.stm32cube.common.mx_6.0.0.202007160824\\db\/plugins/boardmanager/
2023-10-16 19:05:18,473 [INFO] DbMcus:258 - Set plugin images path to: D:\work\Apps\STM32IDE\STM32CubeIDE_1.4.0\STM32CubeIDE\plugins\com.st.stm32cube.common.mx_6.0.0.202007160824\\db\/plugins/mcufinder/images/
2023-10-16 19:05:18,473 [INFO] DbBoards:264 - Set plugin images path to: D:\work\Apps\STM32IDE\STM32CubeIDE_1.4.0\STM32CubeIDE\plugins\com.st.stm32cube.common.mx_6.0.0.202007160824\\db\/plugins/mcufinder/images/
2023-10-16 19:05:18,475 [INFO] DbExamples:326 - Set plugin images path to: D:\work\Apps\STM32IDE\STM32CubeIDE_1.4.0\STM32CubeIDE\plugins\com.st.stm32cube.common.mx_6.0.0.202007160824\\db\/plugins/mcufinder/images/
2023-10-16 19:05:18,478 [INFO] DbMcusDocs:112 - Set database path to: C:\Users\pc\.stmcufinder\plugins\mcufinder//mcu/
2023-10-16 19:05:18,480 [INFO] DbMcusJson:63 - Set database path to: C:\Users\pc\.stmcufinder\plugins\mcufinder//mcu/
2023-10-16 19:05:18,480 [INFO] DbBoardsDocs:112 - Set database path to: C:\Users\pc\.stmcufinder\plugins\mcufinder//mcu/
2023-10-16 19:05:18,481 [INFO] DbBoardsJson:56 - Set database path to: C:\Users\pc\.stmcufinder\plugins\mcufinder//mcu/
2023-10-16 19:05:18,484 [INFO] CrossReferenceDbSqlite:196 - Set database path to: C:\Users\pc\.stmcufinder\plugins\mcufinder//mcu/cs/
2023-10-16 19:05:18,486 [INFO] DbExamplesSqlite:800 - Set database path to: C:\Users\pc\.stmcufinder\plugins\mcufinder//mcu/
2023-10-16 19:05:18,550 [INFO] RulesReader:52 - Compatibility file has been processed (209 Rules)
2023-10-16 19:05:18,604 [INFO] MicroXplorer:564 - Detected Java Version = 1.8.0_252
2023-10-16 19:05:18,605 [INFO] DbMcusXml:70 - Set database path to: D:\work\Apps\STM32IDE\STM32CubeIDE_1.4.0\STM32CubeIDE\plugins\com.st.stm32cube.common.mx_6.0.0.202007160824\\db\/mcu/
2023-10-16 19:05:18,605 [INFO] DbBoardsPdsc:56 - Set plugin database path to: D:\work\Apps\STM32IDE\STM32CubeIDE_1.4.0\STM32CubeIDE\plugins\com.st.stm32cube.common.mx_6.0.0.202007160824\\db\/plugins/boardmanager/
2023-10-16 19:05:18,605 [INFO] DbMcus:258 - Set plugin images path to: D:\work\Apps\STM32IDE\STM32CubeIDE_1.4.0\STM32CubeIDE\plugins\com.st.stm32cube.common.mx_6.0.0.202007160824\\db\/plugins/mcufinder/images/
2023-10-16 19:05:18,606 [INFO] DbBoards:264 - Set plugin images path to: D:\work\Apps\STM32IDE\STM32CubeIDE_1.4.0\STM32CubeIDE\plugins\com.st.stm32cube.common.mx_6.0.0.202007160824\\db\/plugins/mcufinder/images/
2023-10-16 19:05:18,606 [INFO] DbExamples:326 - Set plugin images path to: D:\work\Apps\STM32IDE\STM32CubeIDE_1.4.0\STM32CubeIDE\plugins\com.st.stm32cube.common.mx_6.0.0.202007160824\\db\/plugins/mcufinder/images/
2023-10-16 19:05:18,606 [WARN] DbFile:36 - Overriding database path with different value: C:\Users\pc\.stmcufinder\plugins\mcufinder/ => C:\Users\pc\.stmcufinder\plugins\mcufinder
2023-10-16 19:05:18,606 [INFO] DbMcusDocs:112 - Set database path to: C:\Users\pc\.stmcufinder\plugins\mcufinder//mcu/
2023-10-16 19:05:18,606 [WARN] DbFile:36 - Overriding database path with different value: C:\Users\pc\.stmcufinder\plugins\mcufinder/ => C:\Users\pc\.stmcufinder\plugins\mcufinder
2023-10-16 19:05:18,606 [INFO] DbMcusJson:63 - Set database path to: C:\Users\pc\.stmcufinder\plugins\mcufinder//mcu/
2023-10-16 19:05:18,606 [WARN] DbFile:36 - Overriding database path with different value: C:\Users\pc\.stmcufinder\plugins\mcufinder/ => C:\Users\pc\.stmcufinder\plugins\mcufinder
2023-10-16 19:05:18,607 [INFO] DbBoardsDocs:112 - Set database path to: C:\Users\pc\.stmcufinder\plugins\mcufinder//mcu/
2023-10-16 19:05:18,607 [WARN] DbFile:36 - Overriding database path with different value: C:\Users\pc\.stmcufinder\plugins\mcufinder/ => C:\Users\pc\.stmcufinder\plugins\mcufinder
2023-10-16 19:05:18,607 [INFO] DbBoardsJson:56 - Set database path to: C:\Users\pc\.stmcufinder\plugins\mcufinder//mcu/
2023-10-16 19:05:18,607 [WARN] DbFile:36 - Overriding database path with different value: C:\Users\pc\.stmcufinder\plugins\mcufinder/ => C:\Users\pc\.stmcufinder\plugins\mcufinder
2023-10-16 19:05:18,607 [WARN] DbFile:36 - Overriding database path with different value: C:\Users\pc\.stmcufinder\plugins\mcufinder/ => C:\Users\pc\.stmcufinder\plugins\mcufinder
2023-10-16 19:05:18,607 [INFO] CrossReferenceDbSqlite:196 - Set database path to: C:\Users\pc\.stmcufinder\plugins\mcufinder//mcu/cs/
2023-10-16 19:05:18,607 [WARN] DbFile:36 - Overriding database path with different value: C:\Users\pc\.stmcufinder\plugins\mcufinder/ => C:\Users\pc\.stmcufinder\plugins\mcufinder
2023-10-16 19:05:18,607 [INFO] DbExamplesSqlite:800 - Set database path to: C:\Users\pc\.stmcufinder\plugins\mcufinder//mcu/
2023-10-16 19:05:18,643 [INFO] MainPanel:189 - HeapMemory: 268435456
2023-10-16 19:05:18,681 [INFO] DbMcusXml:70 - Set database path to: D:\work\Apps\STM32IDE\STM32CubeIDE_1.4.0\STM32CubeIDE\plugins\com.st.stm32cube.common.mx_6.0.0.202007160824\\db\/mcu/
2023-10-16 19:05:18,681 [INFO] DbBoardsPdsc:56 - Set plugin database path to: D:\work\Apps\STM32IDE\STM32CubeIDE_1.4.0\STM32CubeIDE\plugins\com.st.stm32cube.common.mx_6.0.0.202007160824\\db\/plugins/boardmanager/
2023-10-16 19:05:18,681 [INFO] DbMcus:258 - Set plugin images path to: D:\work\Apps\STM32IDE\STM32CubeIDE_1.4.0\STM32CubeIDE\plugins\com.st.stm32cube.common.mx_6.0.0.202007160824\\db\/plugins/mcufinder/images/
2023-10-16 19:05:18,681 [INFO] DbBoards:264 - Set plugin images path to: D:\work\Apps\STM32IDE\STM32CubeIDE_1.4.0\STM32CubeIDE\plugins\com.st.stm32cube.common.mx_6.0.0.202007160824\\db\/plugins/mcufinder/images/
2023-10-16 19:05:18,681 [INFO] DbExamples:326 - Set plugin images path to: D:\work\Apps\STM32IDE\STM32CubeIDE_1.4.0\STM32CubeIDE\plugins\com.st.stm32cube.common.mx_6.0.0.202007160824\\db\/plugins/mcufinder/images/
2023-10-16 19:05:18,682 [WARN] DbFile:36 - Overriding database path with different value: C:\Users\pc\.stmcufinder\plugins\mcufinder/ => C:\Users\pc\.stmcufinder\plugins\mcufinder
2023-10-16 19:05:18,682 [INFO] DbMcusDocs:112 - Set database path to: C:\Users\pc\.stmcufinder\plugins\mcufinder//mcu/
2023-10-16 19:05:18,682 [WARN] DbFile:36 - Overriding database path with different value: C:\Users\pc\.stmcufinder\plugins\mcufinder/ => C:\Users\pc\.stmcufinder\plugins\mcufinder
2023-10-16 19:05:18,682 [INFO] DbMcusJson:63 - Set database path to: C:\Users\pc\.stmcufinder\plugins\mcufinder//mcu/
2023-10-16 19:05:18,682 [WARN] DbFile:36 - Overriding database path with different value: C:\Users\pc\.stmcufinder\plugins\mcufinder/ => C:\Users\pc\.stmcufinder\plugins\mcufinder
2023-10-16 19:05:18,682 [INFO] DbBoardsDocs:112 - Set database path to: C:\Users\pc\.stmcufinder\plugins\mcufinder//mcu/
2023-10-16 19:05:18,682 [WARN] DbFile:36 - Overriding database path with different value: C:\Users\pc\.stmcufinder\plugins\mcufinder/ => C:\Users\pc\.stmcufinder\plugins\mcufinder
2023-10-16 19:05:18,682 [INFO] DbBoardsJson:56 - Set database path to: C:\Users\pc\.stmcufinder\plugins\mcufinder//mcu/
2023-10-16 19:05:18,682 [WARN] DbFile:36 - Overriding database path with different value: C:\Users\pc\.stmcufinder\plugins\mcufinder/ => C:\Users\pc\.stmcufinder\plugins\mcufinder
2023-10-16 19:05:18,683 [WARN] DbFile:36 - Overriding database path with different value: C:\Users\pc\.stmcufinder\plugins\mcufinder/ => C:\Users\pc\.stmcufinder\plugins\mcufinder
2023-10-16 19:05:18,683 [INFO] CrossReferenceDbSqlite:196 - Set database path to: C:\Users\pc\.stmcufinder\plugins\mcufinder//mcu/cs/
2023-10-16 19:05:18,683 [WARN] DbFile:36 - Overriding database path with different value: C:\Users\pc\.stmcufinder\plugins\mcufinder/ => C:\Users\pc\.stmcufinder\plugins\mcufinder
2023-10-16 19:05:18,683 [INFO] DbExamplesSqlite:800 - Set database path to: C:\Users\pc\.stmcufinder\plugins\mcufinder//mcu/
2023-10-16 19:05:18,695 [INFO] ApplicationProperties:181 - Using Application install path: D:\work\Apps\STM32IDE\STM32CubeIDE_1.4.0\STM32CubeIDE\plugins\com.st.stm32cube.common.mx_6.0.0.202007160824
2023-10-16 19:05:18,696 [INFO] PluginManage:178 - Search for loadable plugins [exclusion list=, ]
2023-10-16 19:05:18,696 [INFO] PluginManage:292 - Check plugin analytics
2023-10-16 19:05:22,065 [ERROR] LogOutputStream:74 - [STDERR_REDIRECT] [Fatal Error] :1:1: Premature end of file.
2023-10-16 19:05:22,066 [ERROR] LogOutputStream:74 - [STDERR_REDIRECT] 
2023-10-16 19:05:22,094 [ERROR] LogOutputStream:74 - [STDERR_REDIRECT] [Fatal Error] :1:1: Premature end of file.
2023-10-16 19:05:22,094 [ERROR] LogOutputStream:74 - [STDERR_REDIRECT] 
2023-10-16 19:05:22,119 [ERROR] LogOutputStream:74 - [STDERR_REDIRECT] [Fatal Error] :1:1: Premature end of file.
2023-10-16 19:05:22,120 [ERROR] LogOutputStream:74 - [STDERR_REDIRECT] 
2023-10-16 19:05:23,319 [INFO] AnalyticsPlugin:203 - Accepted Software Licenses: 
2023-10-16 19:05:23,320 [INFO] AnalyticsPlugin:205 - Accepted CMSIS Pack Licenses: 
2023-10-16 19:05:23,320 [INFO] AnalyticsPlugin:207 - Accepted Firmware Licenses: 
2023-10-16 19:05:23,320 [INFO] PluginManage:342 - Loaded plugin analytics (category:tool,tabindex:-1)
2023-10-16 19:05:23,320 [INFO] PluginManage:292 - Check plugin clock
2023-10-16 19:05:23,331 [INFO] PluginManage:342 - Loaded plugin clock (category:base,tabindex:2)
2023-10-16 19:05:23,331 [INFO] PluginManage:292 - Check plugin ddr
2023-10-16 19:05:23,333 [INFO] PluginManage:342 - Loaded plugin ddr (category:tool,tabindex:6)
2023-10-16 19:05:23,333 [INFO] PluginManage:292 - Check plugin filemanager
2023-10-16 19:05:23,353 [ERROR] LogOutputStream:74 - [STDERR_REDIRECT] [Fatal Error] :1:1: Premature end of file.
2023-10-16 19:05:23,354 [ERROR] LogOutputStream:74 - [STDERR_REDIRECT] 
2023-10-16 19:05:23,379 [ERROR] LogOutputStream:74 - [STDERR_REDIRECT] [Fatal Error] :1:1: Premature end of file.
2023-10-16 19:05:23,380 [ERROR] LogOutputStream:74 - [STDERR_REDIRECT] 
2023-10-16 19:05:23,405 [ERROR] LogOutputStream:74 - [STDERR_REDIRECT] [Fatal Error] :1:1: Premature end of file.
2023-10-16 19:05:23,405 [ERROR] LogOutputStream:74 - [STDERR_REDIRECT] 
2023-10-16 19:05:23,414 [INFO] PluginManage:342 - Loaded plugin filemanager (category:base,tabindex:10)
2023-10-16 19:05:23,415 [INFO] PluginManage:292 - Check plugin ipmanager
2023-10-16 19:05:23,419 [INFO] PluginManage:342 - Loaded plugin ipmanager (category:base,tabindex:5)
2023-10-16 19:05:23,420 [INFO] PluginManage:292 - Check plugin pinoutandconfiguration
2023-10-16 19:05:23,427 [INFO] PluginManage:342 - Loaded plugin pinoutandconfiguration (category:base,tabindex:1)
2023-10-16 19:05:23,427 [INFO] PluginManage:292 - Check plugin pinoutconfig
2023-10-16 19:05:23,445 [INFO] PluginManage:342 - Loaded plugin pinoutconfig (category:base,tabindex:0)
2023-10-16 19:05:23,445 [INFO] PluginManage:292 - Check plugin power
2023-10-16 19:05:23,451 [INFO] PluginManage:342 - Loaded plugin power (category:power,tabindex:4)
2023-10-16 19:05:23,452 [INFO] PluginManage:292 - Check plugin projectmanager
2023-10-16 19:05:23,462 [INFO] PluginManage:342 - Loaded plugin projectmanager (category:projectmanager,tabindex:3)
2023-10-16 19:05:23,463 [INFO] PluginManage:292 - Check plugin thirdparty
2023-10-16 19:05:23,535 [INFO] ThirdPartyDb:333 - Open Third Party DataBase File (C:/Users/pc/.stm32cubemx/plugins/thirdparty/db/thirdparties_db.xml) : 38 ms. number of Sw pack : 44
2023-10-16 19:05:23,539 [INFO] PluginManage:342 - Loaded plugin thirdparty (category:base,tabindex:-1)
2023-10-16 19:05:23,539 [INFO] PluginManage:292 - Check plugin tools
2023-10-16 19:05:23,541 [INFO] PluginManage:342 - Loaded plugin tools (category:base,tabindex:7)
2023-10-16 19:05:23,541 [INFO] PluginManage:292 - Check plugin tutovideos
2023-10-16 19:05:23,719 [INFO] PluginManage:342 - Loaded plugin tutovideos (category:base,tabindex:-1)
2023-10-16 19:05:23,720 [INFO] PluginManage:292 - Check plugin updater
2023-10-16 19:05:23,736 [INFO] PluginManage:342 - Loaded plugin updater (category:base,tabindex:12)
2023-10-16 19:05:23,737 [INFO] PluginManage:265 - PluginManage : Loaded plugins [13]
2023-10-16 19:05:23,867 [INFO] PinOutPanel:1418 - setPackage(No Configuration,No Configuration)
2023-10-16 19:05:23,939 [INFO] IPUIPlugin:64 - create IPUIPlugin
2023-10-16 19:05:23,939 [INFO] PluginManager:200 - loadIPPluginJar : add adc
2023-10-16 19:05:23,941 [INFO] IPUIPlugin:64 - create IPUIPlugin
2023-10-16 19:05:23,941 [INFO] PluginManager:200 - loadIPPluginJar : add aes
2023-10-16 19:05:23,943 [INFO] IPUIPlugin:64 - create IPUIPlugin
2023-10-16 19:05:23,943 [INFO] PluginManager:200 - loadIPPluginJar : add can
2023-10-16 19:05:23,945 [INFO] IPUIPlugin:64 - create IPUIPlugin
2023-10-16 19:05:23,945 [INFO] PluginManager:200 - loadIPPluginJar : add comp
2023-10-16 19:05:23,946 [INFO] IPUIPlugin:64 - create IPUIPlugin
2023-10-16 19:05:23,947 [INFO] PluginManager:200 - loadIPPluginJar : add cryp
2023-10-16 19:05:23,948 [INFO] IPUIPlugin:64 - create IPUIPlugin
2023-10-16 19:05:23,948 [INFO] PluginManager:200 - loadIPPluginJar : add dfsdm
2023-10-16 19:05:23,952 [INFO] IPUIPlugin:64 - create IPUIPlugin
2023-10-16 19:05:23,953 [INFO] PluginManager:200 - loadIPPluginJar : add dma
2023-10-16 19:05:23,954 [INFO] IPUIPlugin:64 - create IPUIPlugin
2023-10-16 19:05:23,954 [INFO] PluginManager:200 - loadIPPluginJar : add fatfs
2023-10-16 19:05:23,958 [INFO] IPUIPlugin:64 - create IPUIPlugin
2023-10-16 19:05:23,958 [INFO] PluginManager:200 - loadIPPluginJar : add fmc
2023-10-16 19:05:23,963 [INFO] IPUIPlugin:64 - create IPUIPlugin
2023-10-16 19:05:23,963 [INFO] PluginManager:200 - loadIPPluginJar : add freertos
2023-10-16 19:05:23,965 [INFO] IPUIPlugin:64 - create IPUIPlugin
2023-10-16 19:05:23,965 [INFO] PluginManager:200 - loadIPPluginJar : add genericplugin
2023-10-16 19:05:23,966 [INFO] IPUIPlugin:64 - create IPUIPlugin
2023-10-16 19:05:23,966 [INFO] PluginManager:200 - loadIPPluginJar : add gfxmmu
2023-10-16 19:05:23,971 [INFO] IPUIPlugin:64 - create IPUIPlugin
2023-10-16 19:05:23,971 [INFO] PluginManager:200 - loadIPPluginJar : add gic
2023-10-16 19:05:23,974 [INFO] IPUIPlugin:64 - create IPUIPlugin
2023-10-16 19:05:23,974 [INFO] PluginManager:200 - loadIPPluginJar : add gpio
2023-10-16 19:05:23,976 [INFO] IPUIPlugin:64 - create IPUIPlugin
2023-10-16 19:05:23,976 [INFO] PluginManager:200 - loadIPPluginJar : add gtzc
2023-10-16 19:05:23,978 [INFO] IPUIPlugin:64 - create IPUIPlugin
2023-10-16 19:05:23,978 [INFO] PluginManager:200 - loadIPPluginJar : add hash
2023-10-16 19:05:23,980 [INFO] IPUIPlugin:64 - create IPUIPlugin
2023-10-16 19:05:23,980 [INFO] PluginManager:200 - loadIPPluginJar : add i2c
2023-10-16 19:05:23,982 [INFO] IPUIPlugin:64 - create IPUIPlugin
2023-10-16 19:05:23,982 [INFO] PluginManager:200 - loadIPPluginJar : add i2s
2023-10-16 19:05:23,984 [INFO] IPUIPlugin:64 - create IPUIPlugin
2023-10-16 19:05:23,984 [INFO] PluginManager:200 - loadIPPluginJar : add ipddr
2023-10-16 19:05:23,986 [INFO] IPUIPlugin:64 - create IPUIPlugin
2023-10-16 19:05:23,986 [INFO] PluginManager:200 - loadIPPluginJar : add ltdc
2023-10-16 19:05:23,989 [INFO] IPUIPlugin:64 - create IPUIPlugin
2023-10-16 19:05:23,990 [INFO] PluginManager:200 - loadIPPluginJar : add mdma
2023-10-16 19:05:23,993 [INFO] IPUIPlugin:64 - create IPUIPlugin
2023-10-16 19:05:23,993 [INFO] PluginManager:200 - loadIPPluginJar : add nvic
2023-10-16 19:05:23,994 [INFO] IPUIPlugin:64 - create IPUIPlugin
2023-10-16 19:05:23,994 [INFO] PluginManager:200 - loadIPPluginJar : add opamp
2023-10-16 19:05:23,997 [INFO] IPUIPlugin:64 - create IPUIPlugin
2023-10-16 19:05:23,997 [INFO] PluginManager:200 - loadIPPluginJar : add openamp
2023-10-16 19:05:24,028 [INFO] IPUIPlugin:64 - create IPUIPlugin
2023-10-16 19:05:24,029 [INFO] PluginManager:200 - loadIPPluginJar : add pdm2pcm
2023-10-16 19:05:24,054 [INFO] IPUIPlugin:64 - create IPUIPlugin
2023-10-16 19:05:24,056 [INFO] PluginManager:200 - loadIPPluginJar : add plateformsettings
2023-10-16 19:05:24,058 [INFO] IPUIPlugin:64 - create IPUIPlugin
2023-10-16 19:05:24,059 [INFO] PluginManager:200 - loadIPPluginJar : add quadspi
2023-10-16 19:05:24,061 [INFO] IPUIPlugin:64 - create IPUIPlugin
2023-10-16 19:05:24,061 [INFO] PluginManager:200 - loadIPPluginJar : add resmgrutility
2023-10-16 19:05:24,064 [INFO] IPUIPlugin:64 - create IPUIPlugin
2023-10-16 19:05:24,064 [INFO] PluginManager:200 - loadIPPluginJar : add sai
2023-10-16 19:05:24,066 [INFO] IPUIPlugin:64 - create IPUIPlugin
2023-10-16 19:05:24,066 [INFO] PluginManager:200 - loadIPPluginJar : add spi
2023-10-16 19:05:24,069 [INFO] IPUIPlugin:64 - create IPUIPlugin
2023-10-16 19:05:24,069 [INFO] PluginManager:200 - loadIPPluginJar : add stm32_wpan
2023-10-16 19:05:24,070 [INFO] IPUIPlugin:64 - create IPUIPlugin
2023-10-16 19:05:24,071 [INFO] PluginManager:200 - loadIPPluginJar : add tim
2023-10-16 19:05:24,073 [INFO] IPUIPlugin:64 - create IPUIPlugin
2023-10-16 19:05:24,073 [INFO] PluginManager:200 - loadIPPluginJar : add touchsensing
2023-10-16 19:05:24,074 [INFO] IPUIPlugin:64 - create IPUIPlugin
2023-10-16 19:05:24,075 [INFO] PluginManager:200 - loadIPPluginJar : add tracer_emb
2023-10-16 19:05:24,076 [INFO] IPUIPlugin:64 - create IPUIPlugin
2023-10-16 19:05:24,076 [INFO] PluginManager:200 - loadIPPluginJar : add ts
2023-10-16 19:05:24,077 [INFO] IPUIPlugin:64 - create IPUIPlugin
2023-10-16 19:05:24,077 [INFO] PluginManager:200 - loadIPPluginJar : add tsc
2023-10-16 19:05:24,079 [INFO] IPUIPlugin:64 - create IPUIPlugin
2023-10-16 19:05:24,079 [INFO] PluginManager:200 - loadIPPluginJar : add ucpd
2023-10-16 19:05:24,081 [INFO] IPUIPlugin:64 - create IPUIPlugin
2023-10-16 19:05:24,081 [INFO] PluginManager:200 - loadIPPluginJar : add usart
2023-10-16 19:05:24,649 [INFO] CubeProgrammer:457 - [DDR PANEL] - PathOfProgrammer: null
2023-10-16 19:05:25,220 [FATAL] Updater:282 - Updater called before beeing initialized
2023-10-16 19:05:25,318 [FATAL] Updater:282 - Updater called before beeing initialized
2023-10-16 19:05:25,319 [WARN] ThirdParty:775 - waiting for thirdparty lock release [close project]
2023-10-16 19:05:25,319 [INFO] ThirdParty:777 - entering critical section [close project]
2023-10-16 19:05:25,319 [INFO] ThirdParty:790 - exiting critical section [close project]
2023-10-16 19:05:25,321 [INFO] PinOutPanel:1418 - setPackage(No Configuration,No Configuration)
2023-10-16 19:05:25,322 [FATAL] Updater:282 - Updater called before beeing initialized
2023-10-16 19:05:25,326 [ERROR] Updater:967 - MainUpdater not yet initialized. External WinMGr cannot be set.
2023-10-16 19:05:25,327 [INFO] CubeProgrammer:457 - [DDR PANEL] - PathOfProgrammer: D:\work\Apps\STM32IDE\STM32CubeIDE_1.4.0\STM32CubeIDE\plugins\com.st.stm32cube.ide.mcu.externaltools.cubeprogrammer.win32_1.4.0.202007081208\tools\bin
2023-10-16 19:05:25,330 [INFO] ProgrammerExecThread:148 - [ProgrammerAPI] CubeProgrammer command construction: D:\work\Apps\STM32IDE\STM32CubeIDE_1.4.0\STM32CubeIDE\plugins\com.st.stm32cube.ide.mcu.externaltools.cubeprogrammer.win32_1.4.0.202007081208\tools\bin\STM32_Programmer_CLI.exe -l
2023-10-16 19:05:25,434 [INFO] MainDdrPanel:49 - [DDR PANEL] SETTER - Set cubeProgrammerPath to: D:\work\Apps\STM32IDE\STM32CubeIDE_1.4.0\STM32CubeIDE\plugins\com.st.stm32cube.ide.mcu.externaltools.cubeprogrammer.win32_1.4.0.202007081208\tools\bin
2023-10-16 19:05:25,445 [INFO] Updater:904 - Updater Version found : 6.0.0
2023-10-16 19:05:25,457 [INFO] ApplicationProperties:181 - Using Application install path: D:\work\Apps\STM32IDE\STM32CubeIDE_1.4.0\STM32CubeIDE\plugins\com.st.stm32cube.common.mx_6.0.0.202007160824
2023-10-16 19:05:25,856 [INFO] MainUpdater:2268 - connection check result : 10
2023-10-16 19:05:25,856 [INFO] MainUpdater:239 - Updater Check For Update Now.
2023-10-16 19:05:25,857 [INFO] MicroXplorer:414 - Change Database Version : DB.6.0.0
2023-10-16 19:05:25,892 [INFO] CheckServerUpdateThread:102 - End of CheckServer Thread
2023-10-16 19:05:25,968 [INFO] MainUpdater:2268 - connection check result : 10
2023-10-16 19:05:26,212 [INFO] McuFinderGlobals:40 - Set McuFinder mode to 2 (CubeIDE integrated)
2023-10-16 19:05:26,313 [INFO] CrossSelectorPresenter:1330 - Cross Selector saved comparison directory: C:\Users\pc\.stmcufinder\plugins\mcufinder\mcu\cs_comparisons_mx
2023-10-16 19:05:26,318 [INFO] MultiScanPanel:193 - Auto-refresh data requested => check proxy status ongoing
2023-10-16 19:05:26,320 [INFO] FinderPluginLoader:87 - Searching for filters in installed packs
2023-10-16 19:05:26,324 [INFO] DbMcusXml:100 - Load MCU database from D:\work\Apps\STM32IDE\STM32CubeIDE_1.4.0\STM32CubeIDE\plugins\com.st.stm32cube.common.mx_6.0.0.202007160824\\db\/mcu/families.xml
2023-10-16 19:05:26,541 [WARN] IntegrityCheckThread:61 - waiting for thirdparty lock release [integrity check]
2023-10-16 19:05:26,541 [INFO] IntegrityCheckThread:63 - entering critical section [integrity check]
2023-10-16 19:05:26,957 [INFO] DbMcusJson:92 - JSON generation date=Tue Nov 16 18:17:54 EET 2021 (1637079474)
2023-10-16 19:05:27,030 [INFO] ThirdPartyDb:299 - Save Third Party DataBase File (C:/Users/pc/.stm32cubemx/plugins/thirdparty/db/thirdparties_db.xml) [forced]
2023-10-16 19:05:27,118 [INFO] ThirdPartyDb:299 - Save Third Party DataBase File (C:/Users/pc/.stm32cubemx/plugins/thirdparty/db/thirdparties_db.xml) [forced]
2023-10-16 19:05:27,177 [INFO] IntegrityCheckThread:76 - exiting critical section [integrity check]
2023-10-16 19:05:27,177 [INFO] IntegrityCheckThread:79 - End integrity checks thread
2023-10-16 19:05:27,930 [INFO] DbMcus:175 - Found 1761 MCUs (1722 are supported by CubeMX, 1911 are visible in CubeMX)
2023-10-16 19:05:27,932 [INFO] ApiDb:201 - Load user favorites file C:\Users\pc/.stm32cubeide/favorites.mcus.txt: 1 item(s)
2023-10-16 19:05:27,933 [INFO] ApiDb:205 - User favorites MCUs=[STM32F103C4Tx]
2023-10-16 19:05:27,934 [INFO] DbMcus:187 - Set 1 / 1 favorites MCUs
2023-10-16 19:05:28,335 [INFO] LoadUrlFilesThread:162 - End of LoadServerUrlFiles without Thread
2023-10-16 19:05:28,342 [INFO] DetailPanel:331 - Set advertising image to C:/Users/pc/STM32Cube/Repository/\stm32cubemx-promo_image.jpg
2023-10-16 19:05:28,586 [INFO] McuFilterPanel:245 - Update 1 favorites MCUs
2023-10-16 19:05:28,664 [INFO] DbBoardsPdsc:94 - Found 23 items
2023-10-16 19:05:28,666 [INFO] DbBoardsPdsc:94 - Found 9 items
2023-10-16 19:05:28,668 [INFO] DbBoardsPdsc:94 - Found 29 items
2023-10-16 19:05:28,670 [INFO] DbBoardsPdsc:94 - Found 1 items
2023-10-16 19:05:28,673 [INFO] DbBoardsPdsc:94 - Found 44 items
2023-10-16 19:05:28,678 [INFO] DbBoardsPdsc:94 - Found 40 items
2023-10-16 19:05:28,681 [INFO] DbBoardsPdsc:94 - Found 2 items
2023-10-16 19:05:28,683 [INFO] DbBoardsPdsc:94 - Found 4 items
2023-10-16 19:05:28,688 [WARN] DbBoardsPdsc:258 - Board STM32H7B3I-DK: unknown feature type=Audio, name=, username=Audio stereo codec with Headphone Amp (CS42L51-CNZ), n=1
2023-10-16 19:05:28,688 [WARN] DbBoardsPdsc:258 - Board STM32H735G-DK: unknown feature type=Audio, name=, username=Audio stereo codec with Headphone Amp (WM8994ECS/R), n=1
2023-10-16 19:05:28,690 [WARN] DbBoardsPdsc:258 - Board STM32H7B3I-EVAL: unknown feature type=Audio, name=, username=Multi-Channel Audio Codec (CS42L51-CNZ), n=1
2023-10-16 19:05:28,690 [WARN] DbBoardsPdsc:258 - Board STM32H7B3I-EVAL: unknown feature type=Meter, name=, username=Power-metering and Temperature-monitoring with sigma-delta modulators, n=1
2023-10-16 19:05:28,690 [WARN] DbBoardsPdsc:258 - Board STM32H7B3I-EVAL: unknown feature type=Motor, name=, username=Motor Control, n=1
2023-10-16 19:05:28,700 [INFO] DbBoardsJson:85 - JSON generation date=Tue Nov 16 18:17:54 EET 2021 (1637079474)
2023-10-16 19:05:28,705 [INFO] DbBoards:117 - Found 166 boards (149 are supported by CubeMX)
2023-10-16 19:05:28,707 [INFO] DbBoardsDocs:145 - JSON generation date=Tue Nov 16 18:17:54 EET 2021 (1637079474)
2023-10-16 19:05:28,711 [INFO] DbBoardsDocs:81 - Found 209 boards documents
2023-10-16 19:05:28,712 [WARN] DbBoards:127 - board B-L475E-IOT01A2 has no document id list !
2023-10-16 19:05:28,713 [WARN] DbBoards:127 - board NUCLEO-H743ZI has no document id list !
2023-10-16 19:05:28,715 [WARN] DbBoards:127 - board P-NUCLEO-WB55-Nucleo has no document id list !
2023-10-16 19:05:28,715 [WARN] DbBoards:127 - board P-NUCLEO-WB55-USBDongle has no document id list !
2023-10-16 19:05:28,715 [WARN] DbBoards:127 - board STEVAL-BFA001V1B has no document id list !
2023-10-16 19:05:28,715 [WARN] DbBoards:127 - board STEVAL-BFA001V2B has no document id list !
2023-10-16 19:05:28,715 [WARN] DbBoards:127 - board STEVAL-IDP005V1 has no document id list !
2023-10-16 19:05:28,715 [WARN] DbBoards:127 - board STEVAL-IDP005V2 has no document id list !
2023-10-16 19:05:28,715 [WARN] DbBoards:127 - board STEVAL-MKSBOX1V1 has no document id list !
2023-10-16 19:05:28,715 [WARN] DbBoards:127 - board STEVAL-STWINKT1 has no document id list !
2023-10-16 19:05:28,715 [WARN] DbBoards:127 - board STEVAL-STWINKT1B has no document id list !
2023-10-16 19:05:28,716 [WARN] DbBoards:127 - board STM32439I-EVAL2 has no document id list !
2023-10-16 19:05:28,716 [WARN] DbBoards:127 - board STM32F401C-DISCO has no document id list !
2023-10-16 19:05:28,716 [WARN] DbBoards:127 - board STM32F769I-DISC1 has no document id list !
2023-10-16 19:05:28,717 [WARN] DbBoards:127 - board STM32G474E-EVAL1 has no document id list !
2023-10-16 19:05:28,717 [WARN] DbBoards:127 - board STM32H743I-EVAL2 has no document id list !
2023-10-16 19:05:28,717 [WARN] DbBoards:127 - board STM32H747I-DISC1 has no document id list !
2023-10-16 19:05:28,717 [WARN] DbBoards:127 - board STM32H753I-EVAL2 has no document id list !
2023-10-16 19:05:28,718 [WARN] DbBoards:127 - board STM32L-DISCOVERY has no document id list !
2023-10-16 19:05:28,771 [ERROR] DbBoards:189 - Image file not found for board B-L462E-CELL1: D:\work\Apps\STM32IDE\STM32CubeIDE_1.4.0\STM32CubeIDE\plugins\com.st.stm32cube.common.mx_6.0.0.202007160824\\db\/plugins/mcufinder/images/boards/B-L462E-CELL1_small.jpg
2023-10-16 19:05:28,807 [ERROR] DbBoards:189 - Image file not found for board B-U585I-IOT02A: D:\work\Apps\STM32IDE\STM32CubeIDE_1.4.0\STM32CubeIDE\plugins\com.st.stm32cube.common.mx_6.0.0.202007160824\\db\/plugins/mcufinder/images/boards/B-U585I-IOT02A_small.jpg
2023-10-16 19:05:28,856 [ERROR] DbBoards:189 - Image file not found for board NUCLEO-F413ZH: D:\work\Apps\STM32IDE\STM32CubeIDE_1.4.0\STM32CubeIDE\plugins\com.st.stm32cube.common.mx_6.0.0.202007160824\\db\/plugins/mcufinder/images/boards/nucleo-f413zh_small.jpg
2023-10-16 19:05:28,978 [ERROR] DbBoards:189 - Image file not found for board NUCLEO-L552ZE-Q: D:\work\Apps\STM32IDE\STM32CubeIDE_1.4.0\STM32CubeIDE\plugins\com.st.stm32cube.common.mx_6.0.0.202007160824\\db\/plugins/mcufinder/images/boards/nucleo_l552ze_q_small.jpg
2023-10-16 19:05:28,978 [ERROR] DbBoards:189 - Image file not found for board NUCLEO-U575ZI-Q: D:\work\Apps\STM32IDE\STM32CubeIDE_1.4.0\STM32CubeIDE\plugins\com.st.stm32cube.common.mx_6.0.0.202007160824\\db\/plugins/mcufinder/images/boards/nucleo-u575zi-q_small.jpg
2023-10-16 19:05:28,978 [ERROR] DbBoards:189 - Image file not found for board NUCLEO-WB15CC: D:\work\Apps\STM32IDE\STM32CubeIDE_1.4.0\STM32CubeIDE\plugins\com.st.stm32cube.common.mx_6.0.0.202007160824\\db\/plugins/mcufinder/images/boards/nucleo-wb15cc_small.jpg
2023-10-16 19:05:28,978 [ERROR] DbBoards:189 - Image file not found for board NUCLEO-WB55RG: D:\work\Apps\STM32IDE\STM32CubeIDE_1.4.0\STM32CubeIDE\plugins\com.st.stm32cube.common.mx_6.0.0.202007160824\\db\/plugins/mcufinder/images/boards/nucleo-wb55rg_small.jpg
2023-10-16 19:05:28,978 [ERROR] DbBoards:189 - Image file not found for board NUCLEO-WL55JC: D:\work\Apps\STM32IDE\STM32CubeIDE_1.4.0\STM32CubeIDE\plugins\com.st.stm32cube.common.mx_6.0.0.202007160824\\db\/plugins/mcufinder/images/boards/nucleo-wl55jc-small.jpg
2023-10-16 19:05:29,106 [ERROR] DbBoards:189 - Image file not found for board STEVAL-STWINKT1B: D:\work\Apps\STM32IDE\STM32CubeIDE_1.4.0\STM32CubeIDE\plugins\com.st.stm32cube.common.mx_6.0.0.202007160824\\db\/plugins/mcufinder/images/boards/steval-stwinkt1b_small.jpg
2023-10-16 19:05:29,348 [ERROR] DbBoards:189 - Image file not found for board STM32G0C1E-EV: D:\work\Apps\STM32IDE\STM32CubeIDE_1.4.0\STM32CubeIDE\plugins\com.st.stm32cube.common.mx_6.0.0.202007160824\\db\/plugins/mcufinder/images/boards/stm32g0c1e-eval_small.jpg
2023-10-16 19:05:29,410 [ERROR] DbBoards:189 - Image file not found for board STM32H7B3I-EVAL: D:\work\Apps\STM32IDE\STM32CubeIDE_1.4.0\STM32CubeIDE\plugins\com.st.stm32cube.common.mx_6.0.0.202007160824\\db\/plugins/mcufinder/images/boards/stm32h7b3ieval_small.jpg
2023-10-16 19:05:29,532 [ERROR] DbBoards:189 - Image file not found for board STM32U575I-EV: D:\work\Apps\STM32IDE\STM32CubeIDE_1.4.0\STM32CubeIDE\plugins\com.st.stm32cube.common.mx_6.0.0.202007160824\\db\/plugins/mcufinder/images/boards/stm32u575i-ev_small.jpg
2023-10-16 19:05:29,555 [ERROR] DbBoards:189 - Image file not found for board STM32WB5MM-DK: D:\work\Apps\STM32IDE\STM32CubeIDE_1.4.0\STM32CubeIDE\plugins\com.st.stm32cube.common.mx_6.0.0.202007160824\\db\/plugins/mcufinder/images/boards/STM32WB5MM-DK_small.jpg
2023-10-16 19:05:29,555 [INFO] ApiDb:201 - Load user favorites file C:\Users\pc/.stm32cubeide/favorites.boards.txt: 0 item(s)
2023-10-16 19:05:29,556 [INFO] ApiDb:205 - User favorites Boards=[]
2023-10-16 19:05:29,556 [INFO] DbBoards:206 - Set 0 / 0 favorites Boards
2023-10-16 19:05:44,746 [INFO] DbMcusDocs:145 - JSON generation date=Tue Nov 16 18:17:54 EET 2021 (1637079474)
2023-10-16 19:05:44,892 [INFO] DbMcusDocs:81 - Found 682 MCUs documents
2023-10-16 19:05:58,376 [INFO] LogOutputStream:76 - [STDOUT_REDIRECT] withoutVersionV1.8.4
2023-10-16 19:05:58,376 [INFO] LogOutputStream:76 - [STDOUT_REDIRECT] withoutVersionV1.8.3
2023-10-16 19:05:58,377 [INFO] LogOutputStream:76 - [STDOUT_REDIRECT] withoutVersionV1.8.2
2023-10-16 19:05:58,377 [INFO] LogOutputStream:76 - [STDOUT_REDIRECT] withoutVersionV1.8.1
2023-10-16 19:05:58,377 [INFO] LogOutputStream:76 - [STDOUT_REDIRECT] withoutVersionV1.8.0
2023-10-16 19:06:01,597 [ERROR] LogOutputStream:74 - [STDERR_REDIRECT] [Fatal Error] :1:1: Premature end of file.
2023-10-16 19:06:01,598 [ERROR] LogOutputStream:74 - [STDERR_REDIRECT] 
2023-10-16 19:06:01,624 [ERROR] LogOutputStream:74 - [STDERR_REDIRECT] [Fatal Error] :1:1: Premature end of file.
2023-10-16 19:06:01,625 [ERROR] LogOutputStream:74 - [STDERR_REDIRECT] 
2023-10-16 19:06:01,650 [ERROR] LogOutputStream:74 - [STDERR_REDIRECT] [Fatal Error] :1:1: Premature end of file.
2023-10-16 19:06:01,650 [ERROR] LogOutputStream:74 - [STDERR_REDIRECT] 
2023-10-16 19:06:01,679 [ERROR] LogOutputStream:74 - [STDERR_REDIRECT] [Fatal Error] :1:1: Premature end of file.
2023-10-16 19:06:01,679 [ERROR] LogOutputStream:74 - [STDERR_REDIRECT] 
2023-10-16 19:06:01,703 [ERROR] LogOutputStream:74 - [STDERR_REDIRECT] [Fatal Error] :1:1: Premature end of file.
2023-10-16 19:06:01,704 [ERROR] LogOutputStream:74 - [STDERR_REDIRECT] 
2023-10-16 19:06:01,728 [ERROR] LogOutputStream:74 - [STDERR_REDIRECT] [Fatal Error] :1:1: Premature end of file.
2023-10-16 19:06:01,729 [ERROR] LogOutputStream:74 - [STDERR_REDIRECT] 
2023-10-16 19:06:01,757 [ERROR] LogOutputStream:74 - [STDERR_REDIRECT] [Fatal Error] :1:1: Premature end of file.
2023-10-16 19:06:01,757 [ERROR] LogOutputStream:74 - [STDERR_REDIRECT] 
2023-10-16 19:06:01,782 [ERROR] LogOutputStream:74 - [STDERR_REDIRECT] [Fatal Error] :1:1: Premature end of file.
2023-10-16 19:06:01,782 [ERROR] LogOutputStream:74 - [STDERR_REDIRECT] 
2023-10-16 19:06:01,807 [ERROR] LogOutputStream:74 - [STDERR_REDIRECT] [Fatal Error] :1:1: Premature end of file.
2023-10-16 19:06:01,807 [ERROR] LogOutputStream:74 - [STDERR_REDIRECT] 
2023-10-16 19:06:01,838 [ERROR] LogOutputStream:74 - [STDERR_REDIRECT] [Fatal Error] :1:1: Premature end of file.
2023-10-16 19:06:01,838 [ERROR] LogOutputStream:74 - [STDERR_REDIRECT] 
2023-10-16 19:06:01,863 [ERROR] LogOutputStream:74 - [STDERR_REDIRECT] [Fatal Error] :1:1: Premature end of file.
2023-10-16 19:06:01,864 [ERROR] LogOutputStream:74 - [STDERR_REDIRECT] 
2023-10-16 19:06:01,889 [ERROR] LogOutputStream:74 - [STDERR_REDIRECT] [Fatal Error] :1:1: Premature end of file.
2023-10-16 19:06:01,889 [ERROR] LogOutputStream:74 - [STDERR_REDIRECT] 
2023-10-16 19:06:02,537 [INFO] ApiDb:226 - Save user favorites file C:\Users\pc/.stm32cubeide/favorites.mcus.txt: 1 item(s)
2023-10-16 19:06:02,537 [INFO] ApiDb:230 - User favorites MCUs=[STM32F103C4Tx]
2023-10-16 19:06:52,281 [ERROR] LogOutputStream:74 - [STDERR_REDIRECT] [Fatal Error] :1:1: Premature end of file.
2023-10-16 19:06:52,281 [ERROR] LogOutputStream:74 - [STDERR_REDIRECT] 
2023-10-16 19:06:52,354 [ERROR] LogOutputStream:74 - [STDERR_REDIRECT] [Fatal Error] :1:1: Premature end of file.
2023-10-16 19:06:52,355 [ERROR] LogOutputStream:74 - [STDERR_REDIRECT] 
2023-10-16 19:06:52,427 [ERROR] LogOutputStream:74 - [STDERR_REDIRECT] [Fatal Error] :1:1: Premature end of file.
2023-10-16 19:06:52,427 [ERROR] LogOutputStream:74 - [STDERR_REDIRECT] 
2023-10-16 19:07:26,986 [ERROR] LogOutputStream:74 - [STDERR_REDIRECT] [Fatal Error] :1:1: Premature end of file.
2023-10-16 19:07:26,986 [ERROR] LogOutputStream:74 - [STDERR_REDIRECT] 
2023-10-16 19:07:27,059 [ERROR] LogOutputStream:74 - [STDERR_REDIRECT] [Fatal Error] :1:1: Premature end of file.
2023-10-16 19:07:27,059 [ERROR] LogOutputStream:74 - [STDERR_REDIRECT] 
2023-10-16 19:07:27,133 [ERROR] LogOutputStream:74 - [STDERR_REDIRECT] [Fatal Error] :1:1: Premature end of file.
2023-10-16 19:07:27,134 [ERROR] LogOutputStream:74 - [STDERR_REDIRECT] 
2023-10-16 19:08:22,264 [INFO] Activator:178 - 


2023-10-16 19:08:22,266 [INFO] Activator:179 - !SESSION log4j initialized
2023-10-16 19:08:31,947 [ERROR] LogOutputStream:74 - [STDERR_REDIRECT] [Fatal Error] :1:1: Premature end of file.
2023-10-16 19:08:31,949 [ERROR] LogOutputStream:74 - [STDERR_REDIRECT] 
2023-10-16 19:08:32,026 [ERROR] LogOutputStream:74 - [STDERR_REDIRECT] [Fatal Error] :1:1: Premature end of file.
2023-10-16 19:08:32,027 [ERROR] LogOutputStream:74 - [STDERR_REDIRECT] 
2023-10-16 19:08:32,118 [ERROR] LogOutputStream:74 - [STDERR_REDIRECT] [Fatal Error] :1:1: Premature end of file.
2023-10-16 19:08:32,118 [ERROR] LogOutputStream:74 - [STDERR_REDIRECT] 
